{"__type":"$$EventMessageWorkflow","id":"94cd6e8d-01df-47f6-a34c-084db94bb0ef","ts":"2025-12-04T01:32:21.761+00:00","eventName":"n8n.workflow.started","message":"n8n.workflow.started","payload":{"executionId":"6","workflowId":"TO6cy9IQM8x3WmCp","isManual":false,"workflowName":"testingDate"}}
{"__type":"$$EventMessageConfirm","confirm":"94cd6e8d-01df-47f6-a34c-084db94bb0ef","ts":"2025-12-04T01:32:21.761+00:00","source":{"id":"0","name":"eventBus"}}
{"__type":"$$EventMessageNode","id":"44c0fdd6-580e-4901-86ae-27d58a565110","ts":"2025-12-04T01:32:21.763+00:00","eventName":"n8n.node.started","message":"n8n.node.started","payload":{"workflowId":"TO6cy9IQM8x3WmCp","workflowName":"testingDate","executionId":"6","nodeType":"n8n-nodes-base.manualTrigger","nodeName":"When clicking ‘Execute workflow’","nodeId":"65b7d32f-87fa-464e-8f06-99522b8b6755"}}
{"__type":"$$EventMessageConfirm","confirm":"44c0fdd6-580e-4901-86ae-27d58a565110","ts":"2025-12-04T01:32:21.763+00:00","source":{"id":"0","name":"eventBus"}}
{"__type":"$$EventMessageNode","id":"71fd7f23-d1e6-4fa8-b9f8-fd8557c32ae3","ts":"2025-12-04T01:32:21.766+00:00","eventName":"n8n.node.finished","message":"n8n.node.finished","payload":{"workflowId":"TO6cy9IQM8x3WmCp","workflowName":"testingDate","executionId":"6","nodeType":"n8n-nodes-base.manualTrigger","nodeName":"When clicking ‘Execute workflow’","nodeId":"65b7d32f-87fa-464e-8f06-99522b8b6755"}}
{"__type":"$$EventMessageConfirm","confirm":"71fd7f23-d1e6-4fa8-b9f8-fd8557c32ae3","ts":"2025-12-04T01:32:21.766+00:00","source":{"id":"0","name":"eventBus"}}
{"__type":"$$EventMessageNode","id":"4a9af021-d472-46d4-89f4-870943ef7214","ts":"2025-12-04T01:32:21.766+00:00","eventName":"n8n.node.started","message":"n8n.node.started","payload":{"workflowId":"TO6cy9IQM8x3WmCp","workflowName":"testingDate","executionId":"6","nodeType":"n8n-nodes-base.dateTime","nodeName":"Date & Time","nodeId":"a1a525b9-f922-48d0-87d7-34662a61c75e"}}
{"__type":"$$EventMessageConfirm","confirm":"4a9af021-d472-46d4-89f4-870943ef7214","ts":"2025-12-04T01:32:21.766+00:00","source":{"id":"0","name":"eventBus"}}
{"__type":"$$EventMessageNode","id":"652fd72e-84b5-478e-bebb-2c7e6501e334","ts":"2025-12-04T01:32:21.770+00:00","eventName":"n8n.node.finished","message":"n8n.node.finished","payload":{"workflowId":"TO6cy9IQM8x3WmCp","workflowName":"testingDate","executionId":"6","nodeType":"n8n-nodes-base.dateTime","nodeName":"Date & Time","nodeId":"a1a525b9-f922-48d0-87d7-34662a61c75e"}}
{"__type":"$$EventMessageConfirm","confirm":"652fd72e-84b5-478e-bebb-2c7e6501e334","ts":"2025-12-04T01:32:21.770+00:00","source":{"id":"0","name":"eventBus"}}
{"__type":"$$EventMessageNode","id":"4c2b2e95-ee9e-4a5b-b89c-0ed1fd71978d","ts":"2025-12-04T01:32:21.770+00:00","eventName":"n8n.node.started","message":"n8n.node.started","payload":{"workflowId":"TO6cy9IQM8x3WmCp","workflowName":"testingDate","executionId":"6","nodeType":"n8n-nodes-base.set","nodeName":"Edit Fields","nodeId":"a83e0f73-3115-4dff-b9ed-f7d5c47b26ef"}}
{"__type":"$$EventMessageConfirm","confirm":"4c2b2e95-ee9e-4a5b-b89c-0ed1fd71978d","ts":"2025-12-04T01:32:21.770+00:00","source":{"id":"0","name":"eventBus"}}
{"__type":"$$EventMessageNode","id":"6eff6399-b05d-44aa-9a92-a954bd778dc9","ts":"2025-12-03T20:32:21.793-05:00","eventName":"n8n.node.finished","message":"n8n.node.finished","payload":{"workflowId":"TO6cy9IQM8x3WmCp","workflowName":"testingDate","executionId":"6","nodeType":"n8n-nodes-base.set","nodeName":"Edit Fields","nodeId":"a83e0f73-3115-4dff-b9ed-f7d5c47b26ef"}}
{"__type":"$$EventMessageConfirm","confirm":"6eff6399-b05d-44aa-9a92-a954bd778dc9","ts":"2025-12-03T20:32:21.793-05:00","source":{"id":"0","name":"eventBus"}}
{"__type":"$$EventMessageWorkflow","id":"50bb8f26-4c7f-46d2-82b3-557969f9737b","ts":"2025-12-03T20:32:21.797-05:00","eventName":"n8n.workflow.success","message":"n8n.workflow.success","payload":{"userId":"dff03fae-0459-48f8-9599-c25a89b8183c","executionId":"6","success":true,"isManual":true,"workflowId":"TO6cy9IQM8x3WmCp","workflowName":"testingDate"}}
{"__type":"$$EventMessageConfirm","confirm":"50bb8f26-4c7f-46d2-82b3-557969f9737b","ts":"2025-12-03T20:32:21.797-05:00","source":{"id":"0","name":"eventBus"}}
{"__type":"$$EventMessageWorkflow","id":"9591f285-cf84-4178-9e3a-d7cc2e809578","ts":"2025-12-03T20:33:15.227-05:00","eventName":"n8n.workflow.started","message":"n8n.workflow.started","payload":{"executionId":"7","workflowId":"TO6cy9IQM8x3WmCp","isManual":false,"workflowName":"testingDate"}}
{"__type":"$$EventMessageConfirm","confirm":"9591f285-cf84-4178-9e3a-d7cc2e809578","ts":"2025-12-03T20:33:15.227-05:00","source":{"id":"0","name":"eventBus"}}
{"__type":"$$EventMessageNode","id":"1c40b22b-9ffb-4e3c-ba53-c7c190b27ed5","ts":"2025-12-03T20:33:15.227-05:00","eventName":"n8n.node.started","message":"n8n.node.started","payload":{"workflowId":"TO6cy9IQM8x3WmCp","workflowName":"testingDate","executionId":"7","nodeType":"n8n-nodes-base.set","nodeName":"Edit Fields","nodeId":"a83e0f73-3115-4dff-b9ed-f7d5c47b26ef"}}
{"__type":"$$EventMessageConfirm","confirm":"1c40b22b-9ffb-4e3c-ba53-c7c190b27ed5","ts":"2025-12-03T20:33:15.227-05:00","source":{"id":"0","name":"eventBus"}}
{"__type":"$$EventMessageNode","id":"04fb7080-e282-48b7-a79f-6fbc2a1c82cf","ts":"2025-12-03T20:33:15.236-05:00","eventName":"n8n.node.finished","message":"n8n.node.finished","payload":{"workflowId":"TO6cy9IQM8x3WmCp","workflowName":"testingDate","executionId":"7","nodeType":"n8n-nodes-base.set","nodeName":"Edit Fields","nodeId":"a83e0f73-3115-4dff-b9ed-f7d5c47b26ef"}}
{"__type":"$$EventMessageConfirm","confirm":"04fb7080-e282-48b7-a79f-6fbc2a1c82cf","ts":"2025-12-03T20:33:15.236-05:00","source":{"id":"0","name":"eventBus"}}
{"__type":"$$EventMessageWorkflow","id":"a538d27d-8140-43ab-8d9e-6d7c70850861","ts":"2025-12-03T20:33:15.238-05:00","eventName":"n8n.workflow.success","message":"n8n.workflow.success","payload":{"userId":"dff03fae-0459-48f8-9599-c25a89b8183c","executionId":"7","success":true,"isManual":true,"workflowId":"TO6cy9IQM8x3WmCp","workflowName":"testingDate"}}
{"__type":"$$EventMessageConfirm","confirm":"a538d27d-8140-43ab-8d9e-6d7c70850861","ts":"2025-12-03T20:33:15.238-05:00","source":{"id":"0","name":"eventBus"}}
{"__type":"$$EventMessageWorkflow","id":"8bb396be-b435-4309-8914-024827cb0010","ts":"2025-12-03T20:33:22.864-05:00","eventName":"n8n.workflow.started","message":"n8n.workflow.started","payload":{"executionId":"8","workflowId":"TO6cy9IQM8x3WmCp","isManual":false,"workflowName":"testingDate"}}
{"__type":"$$EventMessageConfirm","confirm":"8bb396be-b435-4309-8914-024827cb0010","ts":"2025-12-03T20:33:22.864-05:00","source":{"id":"0","name":"eventBus"}}
{"__type":"$$EventMessageNode","id":"1fe33fb4-58e9-4729-9695-5982d1d5cae7","ts":"2025-12-03T20:33:22.865-05:00","eventName":"n8n.node.started","message":"n8n.node.started","payload":{"workflowId":"TO6cy9IQM8x3WmCp","workflowName":"testingDate","executionId":"8","nodeType":"n8n-nodes-base.set","nodeName":"Edit Fields","nodeId":"a83e0f73-3115-4dff-b9ed-f7d5c47b26ef"}}
{"__type":"$$EventMessageConfirm","confirm":"1fe33fb4-58e9-4729-9695-5982d1d5cae7","ts":"2025-12-03T20:33:22.865-05:00","source":{"id":"0","name":"eventBus"}}
{"__type":"$$EventMessageNode","id":"5326791b-9cf7-4d29-9864-21c3e3c3e746","ts":"2025-12-03T20:33:22.866-05:00","eventName":"n8n.node.finished","message":"n8n.node.finished","payload":{"workflowId":"TO6cy9IQM8x3WmCp","workflowName":"testingDate","executionId":"8","nodeType":"n8n-nodes-base.set","nodeName":"Edit Fields","nodeId":"a83e0f73-3115-4dff-b9ed-f7d5c47b26ef"}}
{"__type":"$$EventMessageConfirm","confirm":"5326791b-9cf7-4d29-9864-21c3e3c3e746","ts":"2025-12-03T20:33:22.866-05:00","source":{"id":"0","name":"eventBus"}}
{"__type":"$$EventMessageWorkflow","id":"85ee519b-031b-4ca8-b04a-5cb327398b6f","ts":"2025-12-03T20:33:22.868-05:00","eventName":"n8n.workflow.success","message":"n8n.workflow.success","payload":{"userId":"dff03fae-0459-48f8-9599-c25a89b8183c","executionId":"8","success":true,"isManual":true,"workflowId":"TO6cy9IQM8x3WmCp","workflowName":"testingDate"}}
{"__type":"$$EventMessageConfirm","confirm":"85ee519b-031b-4ca8-b04a-5cb327398b6f","ts":"2025-12-03T20:33:22.868-05:00","source":{"id":"0","name":"eventBus"}}
{"__type":"$$EventMessageAudit","id":"39e0f3bb-8465-46e1-be1a-6c7fde9b0474","ts":"2025-12-03T20:35:25.023-05:00","eventName":"n8n.audit.workflow.updated","message":"n8n.audit.workflow.updated","payload":{"userId":"dff03fae-0459-48f8-9599-c25a89b8183c","_email":"luis@test.com","_firstName":"luis","_lastName":"t","globalRole":"global:owner","workflowId":"TO6cy9IQM8x3WmCp","workflowName":"testingDate"}}
{"__type":"$$EventMessageConfirm","confirm":"39e0f3bb-8465-46e1-be1a-6c7fde9b0474","ts":"2025-12-03T20:35:25.023-05:00","source":{"id":"0","name":"eventBus"}}
